<?xml version="1.0" encoding="UTF-8"?>
<testsuite xmlns:xsi="http://www.w3.org/2001/XMLSchema-instance" xsi:noNamespaceSchemaLocation="https://maven.apache.org/surefire/maven-surefire-plugin/xsd/surefire-test-report.xsd" version="3.0.2" name="com.fixlocal.FixLocalApplicationTests" time="8.752" tests="1" errors="0" skipped="0" failures="0">
  <properties>
[...]
</properties>
  <testcase name="contextLoads" classname="com.fixlocal.FixLocalApplicationTests" time="0.905">
    <system-out><![CDATA[15:15:24.157 [main] INFO org.springframework.test.context.support.AnnotationConfigContextLoaderUtils -- Could not detect default configuration classes for test class [com.fixlocal.FixLocalApplicationTests]: FixLocalApplicationTests does not declare any static, non-private, non-final, nested classes annotated with @Configuration.
15:15:24.360 [main] INFO org.springframework.boot.test.context.SpringBootTestContextBootstrapper -- Found @SpringBootConfiguration com.fixlocal.FixLocalApplication for test class com.fixlocal.FixLocalApplicationTests

  .   ____          _            __ _ _
 /\\ / ___'_ __ _ _(_)_ __  __ _ \ \ \ \
( ( )\___ | '_ | '_| | '_ \/ _` | \ \ \ \
 \\/  ___)| |_)| | | | | || (_| |  ) ) ) )
  '  |____| .__|_| |_|_| |_\__, | / / / /
 =========|_|==============|___/=/_/_/_/

 :: Spring Boot ::               (v3.5.10)

2026-04-12T15:15:25.104+05:30  INFO [corr:na] 29156 --- [admin-service] [           main] com.fixlocal.FixLocalApplicationTests    : Starting FixLocalApplicationTests using Java 17.0.12 with PID 29156 (started by ilkhan in C:\Users\ilkhan\Desktop\FixLocal\fixlocal-backend\admin-service)
2026-04-12T15:15:25.105+05:30  INFO [corr:na] 29156 --- [admin-service] [           main] com.fixlocal.FixLocalApplicationTests    : No active profile set, falling back to 1 default profile: "default"
2026-04-12T15:15:29.176+05:30  WARN [corr:na] 29156 --- [admin-service] [           main] .s.s.UserDetailsServiceAutoConfiguration : 

Using generated security password: 4ba6d9d2-c9c7-4afd-b66c-633c063c6aed

This generated password is for development use only. Your security configuration must be updated before running your application in production.

2026-04-12T15:15:29.218+05:30  INFO [corr:na] 29156 --- [admin-service] [           main] r$InitializeUserDetailsManagerConfigurer : Global AuthenticationManager configured with UserDetailsService bean with name inMemoryUserDetailsManager
2026-04-12T15:15:30.648+05:30  INFO [corr:na] 29156 --- [admin-service] [           main] o.s.b.a.e.web.EndpointLinksResolver      : Exposing 2 endpoints beneath base path '/actuator'
2026-04-12T15:15:31.618+05:30  INFO [corr:na] 29156 --- [admin-service] [           main] com.fixlocal.FixLocalApplicationTests    : Started FixLocalApplicationTests in 6.999 seconds (process running for 8.485)
]]></system-out>
  </testcase>
</testsuite>